0 info it worked if it ends with ok
1 verbose cli [ 'C:\\Program Files\\nodejs\\node.exe',
1 verbose cli   'C:\\Users\\user\\AppData\\Roaming\\npm\\node_modules\\npm\\bin\\npm-cli.js',
1 verbose cli   'start' ]
2 info using npm@3.10.10
3 info using node@v8.9.2
4 verbose run-script [ 'prestart', 'start', 'poststart' ]
5 info lifecycle mean-angular2-registration-login-example-server@1.0.0~prestart: mean-angular2-registration-login-example-server@1.0.0
6 silly lifecycle mean-angular2-registration-login-example-server@1.0.0~prestart: no script for prestart, continuing
7 info lifecycle mean-angular2-registration-login-example-server@1.0.0~start: mean-angular2-registration-login-example-server@1.0.0
8 verbose lifecycle mean-angular2-registration-login-example-server@1.0.0~start: unsafe-perm in lifecycle true
9 verbose lifecycle mean-angular2-registration-login-example-server@1.0.0~start: PATH: C:\Users\user\AppData\Roaming\npm\node_modules\npm\bin\node-gyp-bin;E:\Helpdesk_Product\server\node_modules\.bin;C:\Users\user\bin;C:\Program Files\Git\mingw64\bin;C:\Program Files\Git\usr\local\bin;C:\Program Files\Git\usr\bin;C:\Program Files\Git\usr\bin;C:\Program Files\Git\mingw64\bin;C:\Program Files\Git\usr\bin;C:\Users\user\bin;C:\Program Files\Java\jdk1.7.0_67\bin;C:\Windows\system32;C:\Windows;C:\Windows\System32\Wbem;C:\Windows\System32\WindowsPowerShell\v1.0;C:\Program Files (x86)\Brackets\command;C:\Program Files (x86)\QuickTime\QTSystem;C:\Program Files (x86)\Yarn\bin;C:\Program Files (x86)\Windows Kits\8.1\Windows Performance Toolkit;C:\Program Files\nodejs;C:\Ruby24-x64\bin;C:\Program Files\MongoDB\Server\3.2\bin;C:\Users\user\AppData\Local\Yarn\bin;C:\xampp\php;C:\Program Files\Microsoft VS Code\bin;C:\Users\user\AppData\Roaming\npm;C:\opencv\opencv\build\x64\vc14\bin;C:\Program Files\Git\usr\bin;C:\Program Files\Git\usr\bin\vendor_perl;C:\Program Files\Git\usr\bin\core_perl
10 verbose lifecycle mean-angular2-registration-login-example-server@1.0.0~start: CWD: E:\Helpdesk_Product\server
11 silly lifecycle mean-angular2-registration-login-example-server@1.0.0~start: Args: [ '/d /s /c', 'node server.js' ]
12 silly lifecycle mean-angular2-registration-login-example-server@1.0.0~start: Returned: code: 1  signal: null
13 info lifecycle mean-angular2-registration-login-example-server@1.0.0~start: Failed to exec start script
14 verbose stack Error: mean-angular2-registration-login-example-server@1.0.0 start: `node server.js`
14 verbose stack Exit status 1
14 verbose stack     at EventEmitter.<anonymous> (C:\Users\user\AppData\Roaming\npm\node_modules\npm\lib\utils\lifecycle.js:255:16)
14 verbose stack     at emitTwo (events.js:126:13)
14 verbose stack     at EventEmitter.emit (events.js:214:7)
14 verbose stack     at ChildProcess.<anonymous> (C:\Users\user\AppData\Roaming\npm\node_modules\npm\lib\utils\spawn.js:40:14)
14 verbose stack     at emitTwo (events.js:126:13)
14 verbose stack     at ChildProcess.emit (events.js:214:7)
14 verbose stack     at maybeClose (internal/child_process.js:925:16)
14 verbose stack     at Process.ChildProcess._handle.onexit (internal/child_process.js:209:5)
15 verbose pkgid mean-angular2-registration-login-example-server@1.0.0
16 verbose cwd E:\Helpdesk_Product\server
17 error Windows_NT 10.0.10240
18 error argv "C:\\Program Files\\nodejs\\node.exe" "C:\\Users\\user\\AppData\\Roaming\\npm\\node_modules\\npm\\bin\\npm-cli.js" "start"
19 error node v8.9.2
20 error npm  v3.10.10
21 error code ELIFECYCLE
22 error mean-angular2-registration-login-example-server@1.0.0 start: `node server.js`
22 error Exit status 1
23 error Failed at the mean-angular2-registration-login-example-server@1.0.0 start script 'node server.js'.
23 error Make sure you have the latest version of node.js and npm installed.
23 error If you do, this is most likely a problem with the mean-angular2-registration-login-example-server package,
23 error not with npm itself.
23 error Tell the author that this fails on your system:
23 error     node server.js
23 error You can get information on how to open an issue for this project with:
23 error     npm bugs mean-angular2-registration-login-example-server
23 error Or if that isn't available, you can get their info via:
23 error     npm owner ls mean-angular2-registration-login-example-server
23 error There is likely additional logging output above.
24 verbose exit [ 1, true ]
